#
# A fatal error has been detected by the Java Runtime Environment:
#
#  EXCEPTION_ACCESS_VIOLATION (0xc0000005) at pc=0x00000000028aa1c7, pid=1008, tid=5500
#
# JRE version: Java(TM) SE Runtime Environment (8.0_65-b17) (build 1.8.0_65-b17)
# Java VM: Java HotSpot(TM) 64-Bit Server VM (25.65-b01 mixed mode windows-amd64 compressed oops)
# Problematic frame:
# J 1675 C1 com.android.dx.ssa.LocalVariableExtractor.processBlock(I)V (383 bytes) @ 0x00000000028aa1c7 [0x00000000028a7a00+0x27c7]
#
# Failed to write core dump. Minidumps are not enabled by default on client versions of Windows
#
# If you would like to submit a bug report, please visit:
#   http://bugreport.java.com/bugreport/crash.jsp
#

---------------  T H R E A D  ---------------

Current thread (0x00000000165b3800):  JavaThread "pool-1-thread-4" [_thread_in_Java, id=5500, stack(0x0000000017450000,0x0000000017550000)]

siginfo: ExceptionCode=0xc0000005, writing address 0x000000001764e7b8

Registers:
RAX=0x00000000ee55b310, RBX=0x0000000000000001, RCX=0x0000000000000000, RDX=0x00000000ee55aff8
RSP=0x000000001754e6e0, RBP=0x000000001754eb40, RSI=0x0000000000000000, RDI=0x00000000ee55aff8
R8 =0x0000000000000000, R9 =0x00000000144ae680, R10=0x0000000000000000, R11=0x00000000144ae680
R12=0x0000000000000000, R13=0x00000000000038a5, R14=0x00000000ee55a4c8, R15=0x00000000165b3800
RIP=0x00000000028aa1c7, EFLAGS=0x0000000000010206

Top of Stack: (sp=0x000000001754e6e0)
0x000000001754e6e0:   000000001754eb40 00000000027c941c
0x000000001754e6f0:   00000000ee559570 0000000000000000
0x000000001754e700:   000000001754eb40 000000000258fd7c
0x000000001754e710:   0000000000000000 00000000027bc02c
0x000000001754e720:   00000000ee55a280 00000001ee559ac0
0x000000001754e730:   00000000ee559ac0 0000000000000004
0x000000001754e740:   000000001754eb40 00000000024f6bd4
0x000000001754e750:   00000000ee559b30 00000000ee55b210
0x000000001754e760:   0000000100000005 00000000ee55b050
0x000000001754e770:   00000000ee55b310 0000000000000000
0x000000001754e780:   00000000ee55af80 00000000ee55af38
0x000000001754e790:   0000000000000000 00000000ee55b050
0x000000001754e7a0:   00000000ee55b310 000000000275e2ec
0x000000001754e7b0:   00000000ee55b310 0000000100000001
0x000000001754e7c0:   00000000ee55aff8 000000000246db54
0x000000001754e7d0:   0000000000000006 00000000ee55a280 

Instructions: (pc=0x00000000028aa1c7)
0x00000000028aa1a7:   00 00 49 c7 83 38 0a 00 00 01 00 00 00 e9 08 00
0x00000000028aa1b7:   00 00 49 83 83 18 0a 00 00 01 4c 8b c1 48 8b d7
0x00000000028aa1c7:   89 8c 24 d8 00 00 00 90 e8 4c b1 b3 ff 3b 84 24
0x00000000028aa1d7:   b4 00 00 00 49 b8 80 e6 4a 14 00 00 00 00 49 b9 


Register to memory mapping:

RAX=0x00000000ee55b310 is an oop
com.android.dx.rop.code.RegisterSpecSet 
 - klass: 'com/android/dx/rop/code/RegisterSpecSet'
RBX=0x0000000000000001 is an unknown value
RCX=0x0000000000000000 is an unknown value
RDX=0x00000000ee55aff8 is an oop
com.android.dx.util.IntList 
 - klass: 'com/android/dx/util/IntList'
RSP=0x000000001754e6e0 is pointing into the stack for thread: 0x00000000165b3800
RBP=0x000000001754eb40 is pointing into the stack for thread: 0x00000000165b3800
RSI=0x0000000000000000 is an unknown value
RDI=0x00000000ee55aff8 is an oop
com.android.dx.util.IntList 
 - klass: 'com/android/dx/util/IntList'
R8 =0x0000000000000000 is an unknown value
R9 =0x00000000144ae680 is pointing into metadata
R10=0x0000000000000000 is an unknown value
R11=0x00000000144ae680 is pointing into metadata
R12=0x0000000000000000 is an unknown value
R13=0x00000000000038a5 is an unknown value
R14=0x00000000ee55a4c8 is an oop
[I 
 - klass: {type array int}
 - length: 10
R15=0x00000000165b3800 is a thread


Stack: [0x0000000017450000,0x0000000017550000],  sp=0x000000001754e6e0,  free space=1017k
Native frames: (J=compiled Java code, j=interpreted, Vv=VM code, C=native code)
C  0x00000000028aa1c7


---------------  P R O C E S S  ---------------

Java Threads: ( => current thread )
=>0x00000000165b3800 JavaThread "pool-1-thread-4" [_thread_in_Java, id=5500, stack(0x0000000017450000,0x0000000017550000)]
  0x00000000165b3000 JavaThread "pool-1-thread-3" [_thread_in_Java, id=4368, stack(0x0000000017350000,0x0000000017450000)]
  0x00000000165b1800 JavaThread "pool-1-thread-2" [_thread_in_Java, id=3880, stack(0x0000000017250000,0x0000000017350000)]
  0x0000000016501800 JavaThread "pool-2-thread-1" [_thread_blocked, id=2224, stack(0x0000000017150000,0x0000000017250000)]
  0x0000000016500800 JavaThread "pool-1-thread-1" [_thread_in_Java, id=976, stack(0x0000000017050000,0x0000000017150000)]
  0x0000000016256800 JavaThread "Service Thread" daemon [_thread_blocked, id=5968, stack(0x0000000016650000,0x0000000016750000)]
  0x00000000148db800 JavaThread "C1 CompilerThread2" daemon [_thread_in_native, id=4580, stack(0x0000000016150000,0x0000000016250000)]
  0x00000000148d5800 JavaThread "C2 CompilerThread1" daemon [_thread_in_native, id=5724, stack(0x0000000016050000,0x0000000016150000)]
  0x0000000014878800 JavaThread "C2 CompilerThread0" daemon [_thread_in_native, id=4652, stack(0x0000000015f50000,0x0000000016050000)]
  0x0000000014876800 JavaThread "Attach Listener" daemon [_thread_blocked, id=1960, stack(0x0000000015e50000,0x0000000015f50000)]
  0x0000000014875800 JavaThread "Signal Dispatcher" daemon [_thread_blocked, id=2468, stack(0x0000000015d50000,0x0000000015e50000)]
  0x00000000021a6000 JavaThread "Finalizer" daemon [_thread_blocked, id=3444, stack(0x0000000015af0000,0x0000000015bf0000)]
  0x000000000219d000 JavaThread "Reference Handler" daemon [_thread_blocked, id=2672, stack(0x00000000159f0000,0x0000000015af0000)]
  0x00000000020b0800 JavaThread "main" [_thread_in_vm, id=2740, stack(0x0000000001fb0000,0x00000000020b0000)]

Other Threads:
  0x0000000014847800 VMThread [stack: 0x00000000158f0000,0x00000000159f0000] [id=2680]
  0x000000001625b800 WatcherThread [stack: 0x0000000016750000,0x0000000016850000] [id=6228]

VM state:not at safepoint (normal execution)

VM Mutex/Monitor currently owned by a thread: None

Heap:
 PSYoungGen      total 71680K, used 65981K [0x00000000eab00000, 0x00000000ef600000, 0x0000000100000000)
  eden space 66560K, 91% used [0x00000000eab00000,0x00000000ee673a60,0x00000000eec00000)
  from space 5120K, 99% used [0x00000000ef100000,0x00000000ef5fba10,0x00000000ef600000)
  to   space 5120K, 0% used [0x00000000eec00000,0x00000000eec00000,0x00000000ef100000)
 ParOldGen       total 87552K, used 4026K [0x00000000c0000000, 0x00000000c5580000, 0x00000000eab00000)
  object space 87552K, 4% used [0x00000000c0000000,0x00000000c03eebb8,0x00000000c5580000)
 Metaspace       used 6252K, capacity 7088K, committed 7296K, reserved 1056768K
  class space    used 603K, capacity 616K, committed 640K, reserved 1048576K

Card table byte_map: [0x0000000011570000,0x0000000011780000] byte_map_base: 0x0000000010f70000

Marking Bits: (ParMarkBitMap*) 0x0000000057b3a5b0
 Begin Bits: [0x0000000011ce0000, 0x0000000012ce0000)
 End Bits:   [0x0000000012ce0000, 0x0000000013ce0000)

Polling page: 0x0000000000750000

CodeCache: size=245760Kb used=7205Kb max_used=7226Kb free=238554Kb
 bounds [0x00000000021b0000, 0x00000000028d0000, 0x00000000111b0000]
 total_blobs=1920 nmethods=1651 adapters=182
 compilation: enabled

Compilation events (10 events):
Event: 6.023 Thread 0x00000000148db800 1684       2       com.android.dx.ssa.back.FirstFitLocalCombiningAllocator$Multiset::getAndRemoveHighestCount (63 bytes)
Event: 6.023 Thread 0x00000000148db800 nmethod 1684 0x0000000002890390 code [0x0000000002890500, 0x0000000002890750]
Event: 6.026 Thread 0x00000000148db800 1686       2       com.android.dx.cf.attrib.InnerClassList::get (9 bytes)
Event: 6.027 Thread 0x00000000148db800 nmethod 1686 0x000000000288ffd0 code [0x0000000002890140, 0x00000000028902e8]
Event: 6.028 Thread 0x00000000148db800 1687       2       com.android.dx.cf.direct.DirectClassFile::getThisClass (9 bytes)
Event: 6.028 Thread 0x00000000148db800 nmethod 1687 0x000000000288fc10 code [0x000000000288fd80, 0x000000000288ff08]
Event: 6.029 Thread 0x00000000148db800 1688       2       com.android.dx.ssa.InterferenceRegisterMapper::areAnyPinned (81 bytes)
Event: 6.029 Thread 0x00000000148db800 nmethod 1688 0x00000000028b5410 code [0x00000000028b55a0, 0x00000000028b58f8]
Event: 6.033 Thread 0x00000000148db800 1689       2       com.android.dx.ssa.back.FirstFitLocalCombiningAllocator::rangeContainsReserved (30 bytes)
Event: 6.033 Thread 0x00000000148db800 nmethod 1689 0x000000000288f750 code [0x000000000288f8c0, 0x000000000288fae8]

GC Heap History (4 events):
Event: 2.450 GC heap before
{Heap before GC invocations=1 (full 0):
 PSYoungGen      total 38400K, used 33280K [0x00000000eab00000, 0x00000000ed580000, 0x0000000100000000)
  eden space 33280K, 100% used [0x00000000eab00000,0x00000000ecb80000,0x00000000ecb80000)
  from space 5120K, 0% used [0x00000000ed080000,0x00000000ed080000,0x00000000ed580000)
  to   space 5120K, 0% used [0x00000000ecb80000,0x00000000ecb80000,0x00000000ed080000)
 ParOldGen       total 87552K, used 0K [0x00000000c0000000, 0x00000000c5580000, 0x00000000eab00000)
  object space 87552K, 0% used [0x00000000c0000000,0x00000000c0000000,0x00000000c5580000)
 Metaspace       used 5926K, capacity 6832K, committed 7040K, reserved 1056768K
  class space    used 600K, capacity 616K, committed 640K, reserved 1048576K
Event: 2.605 GC heap after
Heap after GC invocations=1 (full 0):
 PSYoungGen      total 38400K, used 5094K [0x00000000eab00000, 0x00000000ef600000, 0x0000000100000000)
  eden space 33280K, 0% used [0x00000000eab00000,0x00000000eab00000,0x00000000ecb80000)
  from space 5120K, 99% used [0x00000000ecb80000,0x00000000ed079b30,0x00000000ed080000)
  to   space 5120K, 0% used [0x00000000ef100000,0x00000000ef100000,0x00000000ef600000)
 ParOldGen       total 87552K, used 96K [0x00000000c0000000, 0x00000000c5580000, 0x00000000eab00000)
  object space 87552K, 0% used [0x00000000c0000000,0x00000000c00182e0,0x00000000c5580000)
 Metaspace       used 5926K, capacity 6832K, committed 7040K, reserved 1056768K
  class space    used 600K, capacity 616K, committed 640K, reserved 1048576K
}
Event: 4.380 GC heap before
{Heap before GC invocations=2 (full 0):
 PSYoungGen      total 38400K, used 38374K [0x00000000eab00000, 0x00000000ef600000, 0x0000000100000000)
  eden space 33280K, 100% used [0x00000000eab00000,0x00000000ecb80000,0x00000000ecb80000)
  from space 5120K, 99% used [0x00000000ecb80000,0x00000000ed079b30,0x00000000ed080000)
  to   space 5120K, 0% used [0x00000000ef100000,0x00000000ef100000,0x00000000ef600000)
 ParOldGen       total 87552K, used 96K [0x00000000c0000000, 0x00000000c5580000, 0x00000000eab00000)
  object space 87552K, 0% used [0x00000000c0000000,0x00000000c00182e0,0x00000000c5580000)
 Metaspace       used 6191K, capacity 7088K, committed 7296K, reserved 1056768K
  class space    used 602K, capacity 616K, committed 640K, reserved 1048576K
Event: 4.440 GC heap after
Heap after GC invocations=2 (full 0):
 PSYoungGen      total 71680K, used 5102K [0x00000000eab00000, 0x00000000ef600000, 0x0000000100000000)
  eden space 66560K, 0% used [0x00000000eab00000,0x00000000eab00000,0x00000000eec00000)
  from space 5120K, 99% used [0x00000000ef100000,0x00000000ef5fba10,0x00000000ef600000)
  to   space 5120K, 0% used [0x00000000eec00000,0x00000000eec00000,0x00000000ef100000)
 ParOldGen       total 87552K, used 4026K [0x00000000c0000000, 0x00000000c5580000, 0x00000000eab00000)
  object space 87552K, 4% used [0x00000000c0000000,0x00000000c03eebb8,0x00000000c5580000)
 Metaspace       used 6191K, capacity 7088K, committed 7296K, reserved 1056768K
  class space    used 602K, capacity 616K, committed 640K, reserved 1048576K
}

Deoptimization events (10 events):
Event: 5.740 Thread 0x00000000165b1800 Uncommon trap: reason=unstable_if action=reinterpret pc=0x000000000281cc60 method=com.android.dx.ssa.LiteralOpUpgrader$1.visitNonMoveInsn(Lcom/android/dx/ssa/NormalSsaInsn;)V @ 55
Event: 5.741 Thread 0x00000000165b1800 Uncommon trap: reason=unstable_if action=reinterpret pc=0x00000000025a4e9c method=com.android.dx.ssa.SsaMethod.updateOneDefinition(Lcom/android/dx/ssa/SsaInsn;Lcom/android/dx/rop/code/RegisterSpec;)V @ 4
Event: 5.904 Thread 0x0000000016500800 Uncommon trap: reason=bimorphic action=maybe_recompile pc=0x0000000002683760 method=java.util.HashMap.getNode(ILjava/lang/Object;)Ljava/util/HashMap$Node; @ 126
Event: 5.904 Thread 0x0000000016500800 Uncommon trap: reason=class_check action=maybe_recompile pc=0x00000000025f2d04 method=java.util.HashMap.putVal(ILjava/lang/Object;Ljava/lang/Object;ZZ)Ljava/lang/Object; @ 203
Event: 5.904 Thread 0x0000000016500800 Uncommon trap: reason=bimorphic action=maybe_recompile pc=0x0000000002683760 method=java.util.HashMap.getNode(ILjava/lang/Object;)Ljava/util/HashMap$Node; @ 126
Event: 5.904 Thread 0x0000000016500800 Uncommon trap: reason=class_check action=maybe_recompile pc=0x00000000025f2d04 method=java.util.HashMap.putVal(ILjava/lang/Object;Ljava/lang/Object;ZZ)Ljava/lang/Object; @ 203
Event: 5.904 Thread 0x0000000016500800 Uncommon trap: reason=bimorphic action=maybe_recompile pc=0x0000000002683760 method=java.util.HashMap.getNode(ILjava/lang/Object;)Ljava/util/HashMap$Node; @ 126
Event: 5.904 Thread 0x0000000016500800 Uncommon trap: reason=bimorphic action=maybe_recompile pc=0x0000000002683760 method=java.util.HashMap.getNode(ILjava/lang/Object;)Ljava/util/HashMap$Node; @ 126
Event: 5.904 Thread 0x0000000016500800 Uncommon trap: reason=class_check action=maybe_recompile pc=0x00000000025f2d04 method=java.util.HashMap.putVal(ILjava/lang/Object;Ljava/lang/Object;ZZ)Ljava/lang/Object; @ 203
Event: 5.938 Thread 0x00000000020b0800 Uncommon trap: reason=unstable_if action=reinterpret pc=0x000000000289a0e4 method=com.android.dx.rop.code.RegisterSpecSet.put(Lcom/android/dx/rop/code/RegisterSpec;)V @ 77

Internal exceptions (2 events):
Event: 0.054 Thread 0x00000000020b0800 Exception <a 'java/lang/NoSuchMethodError': Method sun.misc.Unsafe.defineClass(Ljava/lang/String;[BII)Ljava/lang/Class; name or signature does not match> (0x00000000eab0d0a0) thrown at [C:\workspace\8-2-build-windows-amd64-cygwin\jdk8u65\4987\hotspot\src\s¸eÍ¹Þ«?
Event: 0.054 Thread 0x00000000020b0800 Exception <a 'java/lang/NoSuchMethodError': Method sun.misc.Unsafe.prefetchRead(Ljava/lang/Object;J)V name or signature does not match> (0x00000000eab0d388) thrown at [C:\workspace\8-2-build-windows-amd64-cygwin\jdk8u65\4987\hotspot\src\share\vm\prims\jni.`

Events (10 events):
Event: 5.904 Thread 0x0000000016500800 DEOPT UNPACKING pc=0x00000000021f582a sp=0x000000001714e390 mode 2
Event: 5.904 Thread 0x0000000016500800 Uncommon trap: trap_request=0xffffffc6 fr.pc=0x0000000002683760
Event: 5.904 Thread 0x0000000016500800 DEOPT PACKING pc=0x0000000002683760 sp=0x000000001714e420
Event: 5.904 Thread 0x0000000016500800 DEOPT UNPACKING pc=0x00000000021f582a sp=0x000000001714e3a0 mode 2
Event: 5.904 Thread 0x0000000016500800 Uncommon trap: trap_request=0xffffffde fr.pc=0x00000000025f2d04
Event: 5.904 Thread 0x0000000016500800 DEOPT PACKING pc=0x00000000025f2d04 sp=0x000000001714e8d0
Event: 5.904 Thread 0x0000000016500800 DEOPT UNPACKING pc=0x00000000021f582a sp=0x000000001714e858 mode 2
Event: 5.938 Thread 0x00000000020b0800 Uncommon trap: trap_request=0xffffff65 fr.pc=0x000000000289a0e4
Event: 5.938 Thread 0x00000000020b0800 DEOPT PACKING pc=0x000000000289a0e4 sp=0x00000000020ae870
Event: 5.938 Thread 0x00000000020b0800 DEOPT UNPACKING pc=0x00000000021f582a sp=0x00000000020ae7d0 mode 2


Dynamic libraries:
0x00007ff6f93f0000 - 0x00007ff6f9427000 	C:\Program Files\Java\jdk1.8.0_65\bin\java.exe
0x00007ffc2c260000 - 0x00007ffc2c40a000 	C:\Windows\SYSTEM32\ntdll.dll
0x00007ffc29e00000 - 0x00007ffc29f3a000 	C:\Windows\system32\KERNEL32.DLL
0x00007ffc29740000 - 0x00007ffc2984f000 	C:\Windows\system32\KERNELBASE.dll
0x00007ffc277c0000 - 0x00007ffc27848000 	C:\Windows\system32\apphelp.dll
0x00007ffc1e430000 - 0x00007ffc1e47f000 	C:\Windows\AppPatch\AppPatch64\AcGenral.DLL
0x00007ffc2a4e0000 - 0x00007ffc2a587000 	C:\Windows\system32\msvcrt.dll
0x00007ffc293b0000 - 0x00007ffc293db000 	C:\Windows\SYSTEM32\SspiCli.dll
0x00007ffc2a0e0000 - 0x00007ffc2a131000 	C:\Windows\system32\SHLWAPI.dll
0x00007ffc2a360000 - 0x00007ffc2a4d1000 	C:\Windows\system32\USER32.dll
0x00007ffc29f60000 - 0x00007ffc2a0d8000 	C:\Windows\system32\ole32.dll
0x00007ffc2ad50000 - 0x00007ffc2c170000 	C:\Windows\system32\SHELL32.dll
0x00007ffc28840000 - 0x00007ffc2885e000 	C:\Windows\SYSTEM32\USERENV.dll
0x00007ffc2a140000 - 0x00007ffc2a1e5000 	C:\Windows\system32\ADVAPI32.dll
0x00007ffc19960000 - 0x00007ffc1997b000 	C:\Windows\SYSTEM32\MPR.dll
0x00007ffc2a880000 - 0x00007ffc2a9b6000 	C:\Windows\system32\RPCRT4.dll
0x00007ffc2a1f0000 - 0x00007ffc2a247000 	C:\Windows\SYSTEM32\sechost.dll
0x00007ffc29c20000 - 0x00007ffc29df6000 	C:\Windows\SYSTEM32\combase.dll
0x00007ffc2a730000 - 0x00007ffc2a875000 	C:\Windows\system32\GDI32.dll
0x00007ffc295d0000 - 0x00007ffc295e4000 	C:\Windows\SYSTEM32\profapi.dll
0x00007ffc285c0000 - 0x00007ffc2865f000 	C:\Windows\SYSTEM32\SHCORE.dll
0x00007ffc2ad10000 - 0x00007ffc2ad44000 	C:\Windows\system32\IMM32.DLL
0x00007ffc29ae0000 - 0x00007ffc29c19000 	C:\Windows\system32\MSCTF.dll
0x00007ffc28a90000 - 0x00007ffc28cea000 	C:\Windows\WinSxS\amd64_microsoft.windows.common-controls_6595b64144ccf1df_6.0.9600.17031_none_6242a4b3ecbb55a1\COMCTL32.dll
0x0000000055b30000 - 0x0000000055c02000 	C:\Program Files\Java\jdk1.8.0_65\jre\bin\msvcr100.dll
0x0000000057330000 - 0x0000000057bb9000 	C:\Program Files\Java\jdk1.8.0_65\jre\bin\server\jvm.dll
0x00007ffc20ae0000 - 0x00007ffc20ae9000 	C:\Windows\SYSTEM32\WSOCK32.dll
0x00007ffc268c0000 - 0x00007ffc268df000 	C:\Windows\SYSTEM32\WINMM.dll
0x00007ffc27cf0000 - 0x00007ffc27cfa000 	C:\Windows\SYSTEM32\VERSION.dll
0x00007ffc29f50000 - 0x00007ffc29f57000 	C:\Windows\system32\PSAPI.DLL
0x00007ffc2acb0000 - 0x00007ffc2ad08000 	C:\Windows\system32\WS2_32.dll
0x00007ffc26880000 - 0x00007ffc268aa000 	C:\Windows\SYSTEM32\WINMMBASE.dll
0x00007ffc2c250000 - 0x00007ffc2c259000 	C:\Windows\system32\NSI.dll
0x00007ffc296f0000 - 0x00007ffc2973a000 	C:\Windows\SYSTEM32\cfgmgr32.dll
0x00007ffc27a20000 - 0x00007ffc27a46000 	C:\Windows\SYSTEM32\DEVOBJ.dll
0x0000000057320000 - 0x000000005732f000 	C:\Program Files\Java\jdk1.8.0_65\jre\bin\verify.dll
0x00000000572f0000 - 0x0000000057319000 	C:\Program Files\Java\jdk1.8.0_65\jre\bin\java.dll
0x00000000572d0000 - 0x00000000572e6000 	C:\Program Files\Java\jdk1.8.0_65\jre\bin\zip.dll
0x00007ffc1aa00000 - 0x00007ffc1ab88000 	C:\Windows\SYSTEM32\dbghelp.dll

VM Arguments:
jvm_args: -Djava.awt.headless=true -Xmx1024M -Dfile.encoding=windows-1252 -Duser.country=US -Duser.language=en -Duser.variant 
java_command: com.android.dx.command.Main --dex --num-threads=4 --output C:\Users\DELL PC\AndroidStudioProjects\SampleApp\app\build\intermediates\pre-dexed\debug\com.android.support-support-v4-23.4.0_b75b8e225c3b241973b9de7ad86395710ee73385.jar C:\Users\DELL PC\AndroidStudioProjects\SampleApp\app\build\intermediates\exploded-aar\com.android.support\support-v4\23.4.0\jars\classes.jar
java_class_path (initial): C:\Android\sdk\build-tools\23.0.2\lib\dx.jar
Launcher Type: SUN_STANDARD

Environment Variables:
PATH=C:\Program Files\Java\jdk1.8.0_65 ;%JAVA_HOME%\bin;C:\Program Files (x86)\Skype\Phone\;C:\Users\DELL PC\AppData\Local\Programs\Python\Python35-32\Scripts\;C:\Users\DELL PC\AppData\Local\Programs\Python\Python35-32\
USERNAME=DELL PC
OS=Windows_NT
PROCESSOR_IDENTIFIER=Intel64 Family 6 Model 69 Stepping 1, GenuineIntel



---------------  S Y S T E M  ---------------

OS: Windows 8.1 , 64 bit Build 9600 (6.3.9600.17056)

CPU:total 4 (2 cores per cpu, 2 threads per core) family 6 model 69 stepping 1, cmov, cx8, fxsr, mmx, sse, sse2, sse3, ssse3, sse4.1, sse4.2, popcnt, avx, avx2, aes, clmul, erms, lzcnt, ht, tsc, tscinvbit, bmi1, bmi2

Memory: 4k page, physical 8290092k(4301676k free), swap 16678732k(12076732k free)

vm_info: Java HotSpot(TM) 64-Bit Server VM (25.65-b01) for windows-amd64 JRE (1.8.0_65-b17), built on Oct  6 2015 16:39:20 by "java_re" with MS VC++ 10.0 (VS2010)

time: Sat Jul 16 17:17:00 2016
elapsed time: 6 seconds (0d 0h 0m 6s)

